=== Pipeline for sample: GFP_barcode_1 (stagger_length=1, start_step=1) ===
========== STEP ONE ==========
Counting reads...
Total reads: 148025286, splitting into 5 chunks (~29605058 reads each)
Splitting R1...
Splitting R2...
Splits compressed.
Running stepOne_original.py on chunk 0...
Matching reads...
finished matching reads
joinRead1Read2Done
Starting filtering steps...
Chunk 0 done.
Running stepOne_original.py on chunk 1...
Matching reads...
finished matching reads
joinRead1Read2Done
Starting filtering steps...
Chunk 1 done.
Running stepOne_original.py on chunk 2...
Matching reads...
finished matching reads
joinRead1Read2Done
Starting filtering steps...
Chunk 2 done.
Running stepOne_original.py on chunk 3...
Matching reads...
finished matching reads
joinRead1Read2Done
Starting filtering steps...
Chunk 3 done.
Running stepOne_original.py on chunk 4...
Matching reads...
finished matching reads
joinRead1Read2Done
Starting filtering steps...
Chunk 4 done.
Merging chunk outputs...
Summary:
total raw reads 148025286
total missingGfpBarcode reads 135654247
total badQscore reads 9603671
total badBarcode reads 119782720
total screenedReads reads 9343548
total screened Unique Reads reads 4688814
total shavedReads reads 9343548
total shaved Unique Reads reads 4437494
========== STEP ONE COMPLETE ==========
========== STEP TWO ==========
GFP_barcode_1 loaded
Starting distance calculation...
Comparing samplings...
Saving...
Done

========== STEP TWO COMPLETE ==========
========== STEP THREE ==========
starcode running for GFP_barcode_1
GFP_barcode_1 50_d8 done
GFP_barcode_1 40_d8 done
GFP_barcode_1 30_d8 done
GFP_barcode_1 30_d6 done
Loaded 641090 reads. Applying starcode replacements...
Creating starcode replaced table...
Done. Output written to /projects/b1042/GoyalLab/egrody/extractedData/EGS024/barcode/stepThree_original//GFP_barcode_1/stepThreeStarcodeShavedReads.txt
========== STEP THREE COMPLETE ==========
========== SINGLET CODE ==========
