GFP_invitro worker 0 starting: Tue Mar 17 10:16:01 CDT 2026
Factorization worker 0/4
[Worker 0]. Starting task 0.
[Worker 0]. Starting task 4.
[Worker 0]. Starting task 8.
[Worker 0]. Starting task 12.
[Worker 0]. Starting task 16.
[Worker 0]. Starting task 20.
[Worker 0]. Starting task 24.
[Worker 0]. Starting task 28.
[Worker 0]. Starting task 32.
[Worker 0]. Starting task 36.
[Worker 0]. Starting task 40.
[Worker 0]. Starting task 44.
[Worker 0]. Starting task 48.
[Worker 0]. Starting task 52.
[Worker 0]. Starting task 56.
[Worker 0]. Starting task 60.
[Worker 0]. Starting task 64.
[Worker 0]. Starting task 68.
[Worker 0]. Starting task 72.
[Worker 0]. Starting task 76.
[Worker 0]. Starting task 80.
[Worker 0]. Starting task 84.
[Worker 0]. Starting task 88.
[Worker 0]. Starting task 92.
[Worker 0]. Starting task 96.
[Worker 0]. Starting task 100.
[Worker 0]. Starting task 104.
[Worker 0]. Starting task 108.
[Worker 0]. Starting task 112.
[Worker 0]. Starting task 116.
[Worker 0]. Starting task 120.
[Worker 0]. Starting task 124.
[Worker 0]. Starting task 128.
[Worker 0]. Starting task 132.
[Worker 0]. Starting task 136.
[Worker 0]. Starting task 140.
[Worker 0]. Starting task 144.
[Worker 0]. Starting task 148.
[Worker 0]. Starting task 152.
[Worker 0]. Starting task 156.
[Worker 0]. Starting task 160.
[Worker 0]. Starting task 164.
[Worker 0]. Starting task 168.
[Worker 0]. Starting task 172.
[Worker 0]. Starting task 176.
[Worker 0]. Starting task 180.
[Worker 0]. Starting task 184.
[Worker 0]. Starting task 188.
[Worker 0]. Starting task 192.
[Worker 0]. Starting task 196.
[Worker 0]. Starting task 200.
[Worker 0]. Starting task 204.
[Worker 0]. Starting task 208.
[Worker 0]. Starting task 212.
[Worker 0]. Starting task 216.
[Worker 0]. Starting task 220.
[Worker 0]. Starting task 224.
[Worker 0]. Starting task 228.
[Worker 0]. Starting task 232.
[Worker 0]. Starting task 236.
[Worker 0]. Starting task 240.
[Worker 0]. Starting task 244.
[Worker 0]. Starting task 248.
[Worker 0]. Starting task 252.
[Worker 0]. Starting task 256.
[Worker 0]. Starting task 260.
[Worker 0]. Starting task 264.
[Worker 0]. Starting task 268.
[Worker 0]. Starting task 272.
[Worker 0]. Starting task 276.
[Worker 0]. Starting task 280.
[Worker 0]. Starting task 284.
[Worker 0]. Starting task 288.
[Worker 0]. Starting task 292.
[Worker 0]. Starting task 296.
[Worker 0]. Starting task 300.
[Worker 0]. Starting task 304.
[Worker 0]. Starting task 308.
[Worker 0]. Starting task 312.
[Worker 0]. Starting task 316.
[Worker 0]. Starting task 320.
[Worker 0]. Starting task 324.
[Worker 0]. Starting task 328.
[Worker 0]. Starting task 332.
[Worker 0]. Starting task 336.
[Worker 0]. Starting task 340.
[Worker 0]. Starting task 344.
[Worker 0]. Starting task 348.
[Worker 0]. Starting task 352.
[Worker 0]. Starting task 356.
[Worker 0]. Starting task 360.
[Worker 0]. Starting task 364.
[Worker 0]. Starting task 368.
[Worker 0]. Starting task 372.
[Worker 0]. Starting task 376.
[Worker 0]. Starting task 380.
[Worker 0]. Starting task 384.
[Worker 0]. Starting task 388.
[Worker 0]. Starting task 392.
[Worker 0]. Starting task 396.
[Worker 0]. Starting task 400.
[Worker 0]. Starting task 404.
[Worker 0]. Starting task 408.
[Worker 0]. Starting task 412.
[Worker 0]. Starting task 416.
[Worker 0]. Starting task 420.
[Worker 0]. Starting task 424.
[Worker 0]. Starting task 428.
[Worker 0]. Starting task 432.
[Worker 0]. Starting task 436.
[Worker 0]. Starting task 440.
[Worker 0]. Starting task 444.
[Worker 0]. Starting task 448.
[Worker 0]. Starting task 452.
[Worker 0]. Starting task 456.
[Worker 0]. Starting task 460.
[Worker 0]. Starting task 464.
[Worker 0]. Starting task 468.
[Worker 0]. Starting task 472.
[Worker 0]. Starting task 476.
[Worker 0]. Starting task 480.
[Worker 0]. Starting task 484.
[Worker 0]. Starting task 488.
[Worker 0]. Starting task 492.
[Worker 0]. Starting task 496.
[Worker 0]. Starting task 500.
[Worker 0]. Starting task 504.
[Worker 0]. Starting task 508.
[Worker 0]. Starting task 512.
[Worker 0]. Starting task 516.
[Worker 0]. Starting task 520.
[Worker 0]. Starting task 524.
[Worker 0]. Starting task 528.
[Worker 0]. Starting task 532.
[Worker 0]. Starting task 536.
[Worker 0]. Starting task 540.
[Worker 0]. Starting task 544.
[Worker 0]. Starting task 548.
[Worker 0]. Starting task 552.
[Worker 0]. Starting task 556.
[Worker 0]. Starting task 560.
[Worker 0]. Starting task 564.
[Worker 0]. Starting task 568.
[Worker 0]. Starting task 572.
[Worker 0]. Starting task 576.
[Worker 0]. Starting task 580.
[Worker 0]. Starting task 584.
[Worker 0]. Starting task 588.
[Worker 0]. Starting task 592.
[Worker 0]. Starting task 596.
[Worker 0]. Starting task 600.
[Worker 0]. Starting task 604.
[Worker 0]. Starting task 608.
[Worker 0]. Starting task 612.
[Worker 0]. Starting task 616.
[Worker 0]. Starting task 620.
[Worker 0]. Starting task 624.
[Worker 0]. Starting task 628.
[Worker 0]. Starting task 632.
[Worker 0]. Starting task 636.
[Worker 0]. Starting task 640.
[Worker 0]. Starting task 644.
[Worker 0]. Starting task 648.
[Worker 0]. Starting task 652.
[Worker 0]. Starting task 656.
[Worker 0]. Starting task 660.
[Worker 0]. Starting task 664.
[Worker 0]. Starting task 668.
[Worker 0]. Starting task 672.
[Worker 0]. Starting task 676.
[Worker 0]. Starting task 680.
[Worker 0]. Starting task 684.
[Worker 0]. Starting task 688.
[Worker 0]. Starting task 692.
[Worker 0]. Starting task 696.
[Worker 0]. Starting task 700.
[Worker 0]. Starting task 704.
[Worker 0]. Starting task 708.
[Worker 0]. Starting task 712.
[Worker 0]. Starting task 716.
[Worker 0]. Starting task 720.
[Worker 0]. Starting task 724.
[Worker 0]. Starting task 728.
[Worker 0]. Starting task 732.
[Worker 0]. Starting task 736.
[Worker 0]. Starting task 740.
[Worker 0]. Starting task 744.
[Worker 0]. Starting task 748.
[Worker 0]. Starting task 752.
[Worker 0]. Starting task 756.
[Worker 0]. Starting task 760.
[Worker 0]. Starting task 764.
[Worker 0]. Starting task 768.
[Worker 0]. Starting task 772.
[Worker 0]. Starting task 776.
[Worker 0]. Starting task 780.
[Worker 0]. Starting task 784.
[Worker 0]. Starting task 788.
[Worker 0]. Starting task 792.
[Worker 0]. Starting task 796.
[Worker 0]. Starting task 800.
[Worker 0]. Starting task 804.
[Worker 0]. Starting task 808.
[Worker 0]. Starting task 812.
[Worker 0]. Starting task 816.
[Worker 0]. Starting task 820.
[Worker 0]. Starting task 824.
[Worker 0]. Starting task 828.
[Worker 0]. Starting task 832.
[Worker 0]. Starting task 836.
[Worker 0]. Starting task 840.
[Worker 0]. Starting task 844.
[Worker 0]. Starting task 848.
[Worker 0]. Starting task 852.
[Worker 0]. Starting task 856.
[Worker 0]. Starting task 860.
[Worker 0]. Starting task 864.
[Worker 0]. Starting task 868.
[Worker 0]. Starting task 872.
[Worker 0]. Starting task 876.
[Worker 0]. Starting task 880.
[Worker 0]. Starting task 884.
[Worker 0]. Starting task 888.
[Worker 0]. Starting task 892.
[Worker 0]. Starting task 896.
[Worker 0]. Starting task 900.
[Worker 0]. Starting task 904.
[Worker 0]. Starting task 908.
[Worker 0]. Starting task 912.
[Worker 0]. Starting task 916.
[Worker 0]. Starting task 920.
[Worker 0]. Starting task 924.
[Worker 0]. Starting task 928.
[Worker 0]. Starting task 932.
[Worker 0]. Starting task 936.
[Worker 0]. Starting task 940.
[Worker 0]. Starting task 944.
[Worker 0]. Starting task 948.
[Worker 0]. Starting task 952.
[Worker 0]. Starting task 956.
[Worker 0]. Starting task 960.
[Worker 0]. Starting task 964.
[Worker 0]. Starting task 968.
[Worker 0]. Starting task 972.
[Worker 0]. Starting task 976.
[Worker 0]. Starting task 980.
[Worker 0]. Starting task 984.
[Worker 0]. Starting task 988.
[Worker 0]. Starting task 992.
[Worker 0]. Starting task 996.
[Worker 0]. Starting task 1000.
[Worker 0]. Starting task 1004.
[Worker 0]. Starting task 1008.
[Worker 0]. Starting task 1012.
[Worker 0]. Starting task 1016.
[Worker 0]. Starting task 1020.
[Worker 0]. Starting task 1024.
[Worker 0]. Starting task 1028.
[Worker 0]. Starting task 1032.
[Worker 0]. Starting task 1036.
[Worker 0]. Starting task 1040.
[Worker 0]. Starting task 1044.
[Worker 0]. Starting task 1048.
[Worker 0]. Starting task 1052.
[Worker 0]. Starting task 1056.
[Worker 0]. Starting task 1060.
[Worker 0]. Starting task 1064.
[Worker 0]. Starting task 1068.
[Worker 0]. Starting task 1072.
[Worker 0]. Starting task 1076.
[Worker 0]. Starting task 1080.
[Worker 0]. Starting task 1084.
[Worker 0]. Starting task 1088.
[Worker 0]. Starting task 1092.
[Worker 0]. Starting task 1096.
[Worker 0]. Starting task 1100.
[Worker 0]. Starting task 1104.
[Worker 0]. Starting task 1108.
[Worker 0]. Starting task 1112.
[Worker 0]. Starting task 1116.
[Worker 0]. Starting task 1120.
[Worker 0]. Starting task 1124.
[Worker 0]. Starting task 1128.
[Worker 0]. Starting task 1132.
[Worker 0]. Starting task 1136.
[Worker 0]. Starting task 1140.
[Worker 0]. Starting task 1144.
[Worker 0]. Starting task 1148.
[Worker 0]. Starting task 1152.
[Worker 0]. Starting task 1156.
[Worker 0]. Starting task 1160.
[Worker 0]. Starting task 1164.
[Worker 0]. Starting task 1168.
[Worker 0]. Starting task 1172.
[Worker 0]. Starting task 1176.
[Worker 0]. Starting task 1180.
[Worker 0]. Starting task 1184.
[Worker 0]. Starting task 1188.
[Worker 0]. Starting task 1192.
[Worker 0]. Starting task 1196.
[Worker 0]. Starting task 1200.
[Worker 0]. Starting task 1204.
[Worker 0]. Starting task 1208.
[Worker 0]. Starting task 1212.
[Worker 0]. Starting task 1216.
[Worker 0]. Starting task 1220.
[Worker 0]. Starting task 1224.
[Worker 0]. Starting task 1228.
[Worker 0]. Starting task 1232.
[Worker 0]. Starting task 1236.
[Worker 0]. Starting task 1240.
[Worker 0]. Starting task 1244.
[Worker 0]. Starting task 1248.
[Worker 0]. Starting task 1252.
[Worker 0]. Starting task 1256.
[Worker 0]. Starting task 1260.
[Worker 0]. Starting task 1264.
[Worker 0]. Starting task 1268.
[Worker 0]. Starting task 1272.
[Worker 0]. Starting task 1276.
[Worker 0]. Starting task 1280.
[Worker 0]. Starting task 1284.
[Worker 0]. Starting task 1288.
[Worker 0]. Starting task 1292.
[Worker 0]. Starting task 1296.
[Worker 0]. Starting task 1300.
[Worker 0]. Starting task 1304.
[Worker 0]. Starting task 1308.
[Worker 0]. Starting task 1312.
[Worker 0]. Starting task 1316.
[Worker 0]. Starting task 1320.
[Worker 0]. Starting task 1324.
[Worker 0]. Starting task 1328.
[Worker 0]. Starting task 1332.
[Worker 0]. Starting task 1336.
[Worker 0]. Starting task 1340.
[Worker 0]. Starting task 1344.
[Worker 0]. Starting task 1348.
[Worker 0]. Starting task 1352.
[Worker 0]. Starting task 1356.
[Worker 0]. Starting task 1360.
[Worker 0]. Starting task 1364.
[Worker 0]. Starting task 1368.
[Worker 0]. Starting task 1372.
[Worker 0]. Starting task 1376.
[Worker 0]. Starting task 1380.
[Worker 0]. Starting task 1384.
[Worker 0]. Starting task 1388.
[Worker 0]. Starting task 1392.
[Worker 0]. Starting task 1396.
Worker 0 complete.
GFP_invitro worker 0 complete: Tue Mar 17 10:29:37 CDT 2026
