=== GFP_invitro: Combine ===
Combining factorization results...
Combining factorizations for k=4.
Combining factorizations for k=5.
Combining factorizations for k=6.
Combining factorizations for k=7.
Combining factorizations for k=8.
Combining factorizations for k=9.
Combining factorizations for k=10.
cNMF object saved: /projects/b1042/GoyalLab/egrody/extractedData/EGS024/singleCell/cNMF/GFP_invitro_cnmf_object.pkl
Results combined.

=== GFP_invitro: K Selection ===
Generating K selection plot...
  K selection plot: /projects/b1042/GoyalLab/egrody/extractedData/EGS024/singleCell/cNMF/GFP_invitro/GFP_invitro.k_selection.png
  WARNING: Stats file not found at /projects/b1042/GoyalLab/egrody/extractedData/EGS024/singleCell/cNMF/GFP_invitro/GFP_invitro.k_selection_stats.txt
cNMF object saved: /projects/b1042/GoyalLab/egrody/extractedData/EGS024/singleCell/cNMF/GFP_invitro_cnmf_object.pkl

==============================================
Phase 1 complete. Inspect the K selection plot:
  /projects/b1042/GoyalLab/egrody/extractedData/EGS024/singleCell/cNMF/GFP_invitro/GFP_invitro.k_selection.png

Then run Phase 2 with your chosen K:
  ./cNMF_postprocess.sh <K> [density]
==============================================

GFP_invitro Phase 1 complete: Tue Mar 17 10:31:29 CDT 2026
