Traceback (most recent call last):
  File "/home/egy2296/packages/updated_gDNA_barcode_analysis/Step3_Starcode/starcodeRun.py", line 63, in <module>
    subprocess.run(starcodeCommand)
  File "/software/miniconda3/4.12.0/lib/python3.9/subprocess.py", line 505, in run
    with Popen(*popenargs, **kwargs) as process:
  File "/software/miniconda3/4.12.0/lib/python3.9/subprocess.py", line 951, in __init__
    self._execute_child(args, executable, preexec_fn, close_fds,
  File "/software/miniconda3/4.12.0/lib/python3.9/subprocess.py", line 1821, in _execute_child
    raise child_exception_type(errno_num, err_msg, err_filename)
FileNotFoundError: [Errno 2] No such file or directory: '/home/egy2296/packages/updated_gDNA_barcode_analysis/Step3_Starcode/starcode/starcode'
Traceback (most recent call last):
  File "/home/egy2296/packages/updated_gDNA_barcode_analysis/Step3_Starcode/finalProcessing.py", line 64, in <module>
    Combined_Barcode = Barcode_scanner(Combined_Barcode, sampleName, i, str(args.d), ind)
  File "/gpfs/home/egy2296/packages/updated_gDNA_barcode_analysis/Step3_Starcode/utilityFunctionsv2.py", line 42, in Barcode_scanner
    with open(f'{sampleName}_Barcode{length}_d{distance}.txt', 'r') as f:
FileNotFoundError: [Errno 2] No such file or directory: 'Multiple_Samples_Barcode30_d8.txt'
Traceback (most recent call last):
  File "/home/egy2296/packages/updated_gDNA_barcode_analysis/LVHistogram.py", line 8, in <module>
    import Levenshtein
ModuleNotFoundError: No module named 'Levenshtein'
