integrated worker 2 starting: Mon Mar 16 12:45:11 CDT 2026
Factorization worker 2/4
[Worker 2]. Starting task 2.
[Worker 2]. Starting task 6.
[Worker 2]. Starting task 10.
[Worker 2]. Starting task 14.
[Worker 2]. Starting task 18.
[Worker 2]. Starting task 22.
[Worker 2]. Starting task 26.
[Worker 2]. Starting task 30.
[Worker 2]. Starting task 34.
[Worker 2]. Starting task 38.
[Worker 2]. Starting task 42.
[Worker 2]. Starting task 46.
[Worker 2]. Starting task 50.
[Worker 2]. Starting task 54.
[Worker 2]. Starting task 58.
[Worker 2]. Starting task 62.
[Worker 2]. Starting task 66.
[Worker 2]. Starting task 70.
[Worker 2]. Starting task 74.
[Worker 2]. Starting task 78.
[Worker 2]. Starting task 82.
[Worker 2]. Starting task 86.
[Worker 2]. Starting task 90.
[Worker 2]. Starting task 94.
[Worker 2]. Starting task 98.
[Worker 2]. Starting task 102.
[Worker 2]. Starting task 106.
[Worker 2]. Starting task 110.
[Worker 2]. Starting task 114.
[Worker 2]. Starting task 118.
[Worker 2]. Starting task 122.
[Worker 2]. Starting task 126.
[Worker 2]. Starting task 130.
[Worker 2]. Starting task 134.
[Worker 2]. Starting task 138.
[Worker 2]. Starting task 142.
[Worker 2]. Starting task 146.
[Worker 2]. Starting task 150.
[Worker 2]. Starting task 154.
[Worker 2]. Starting task 158.
[Worker 2]. Starting task 162.
[Worker 2]. Starting task 166.
[Worker 2]. Starting task 170.
[Worker 2]. Starting task 174.
[Worker 2]. Starting task 178.
[Worker 2]. Starting task 182.
[Worker 2]. Starting task 186.
[Worker 2]. Starting task 190.
[Worker 2]. Starting task 194.
[Worker 2]. Starting task 198.
[Worker 2]. Starting task 202.
[Worker 2]. Starting task 206.
[Worker 2]. Starting task 210.
[Worker 2]. Starting task 214.
[Worker 2]. Starting task 218.
[Worker 2]. Starting task 222.
[Worker 2]. Starting task 226.
[Worker 2]. Starting task 230.
[Worker 2]. Starting task 234.
[Worker 2]. Starting task 238.
[Worker 2]. Starting task 242.
[Worker 2]. Starting task 246.
[Worker 2]. Starting task 250.
[Worker 2]. Starting task 254.
[Worker 2]. Starting task 258.
[Worker 2]. Starting task 262.
[Worker 2]. Starting task 266.
[Worker 2]. Starting task 270.
[Worker 2]. Starting task 274.
[Worker 2]. Starting task 278.
[Worker 2]. Starting task 282.
[Worker 2]. Starting task 286.
[Worker 2]. Starting task 290.
[Worker 2]. Starting task 294.
[Worker 2]. Starting task 298.
[Worker 2]. Starting task 302.
[Worker 2]. Starting task 306.
[Worker 2]. Starting task 310.
[Worker 2]. Starting task 314.
[Worker 2]. Starting task 318.
[Worker 2]. Starting task 322.
[Worker 2]. Starting task 326.
[Worker 2]. Starting task 330.
[Worker 2]. Starting task 334.
[Worker 2]. Starting task 338.
[Worker 2]. Starting task 342.
[Worker 2]. Starting task 346.
[Worker 2]. Starting task 350.
[Worker 2]. Starting task 354.
[Worker 2]. Starting task 358.
[Worker 2]. Starting task 362.
[Worker 2]. Starting task 366.
[Worker 2]. Starting task 370.
[Worker 2]. Starting task 374.
[Worker 2]. Starting task 378.
[Worker 2]. Starting task 382.
[Worker 2]. Starting task 386.
[Worker 2]. Starting task 390.
[Worker 2]. Starting task 394.
[Worker 2]. Starting task 398.
[Worker 2]. Starting task 402.
[Worker 2]. Starting task 406.
[Worker 2]. Starting task 410.
[Worker 2]. Starting task 414.
[Worker 2]. Starting task 418.
[Worker 2]. Starting task 422.
[Worker 2]. Starting task 426.
[Worker 2]. Starting task 430.
[Worker 2]. Starting task 434.
[Worker 2]. Starting task 438.
[Worker 2]. Starting task 442.
[Worker 2]. Starting task 446.
[Worker 2]. Starting task 450.
[Worker 2]. Starting task 454.
[Worker 2]. Starting task 458.
[Worker 2]. Starting task 462.
[Worker 2]. Starting task 466.
[Worker 2]. Starting task 470.
[Worker 2]. Starting task 474.
[Worker 2]. Starting task 478.
[Worker 2]. Starting task 482.
[Worker 2]. Starting task 486.
[Worker 2]. Starting task 490.
[Worker 2]. Starting task 494.
[Worker 2]. Starting task 498.
[Worker 2]. Starting task 502.
[Worker 2]. Starting task 506.
[Worker 2]. Starting task 510.
[Worker 2]. Starting task 514.
[Worker 2]. Starting task 518.
[Worker 2]. Starting task 522.
[Worker 2]. Starting task 526.
[Worker 2]. Starting task 530.
[Worker 2]. Starting task 534.
[Worker 2]. Starting task 538.
[Worker 2]. Starting task 542.
[Worker 2]. Starting task 546.
[Worker 2]. Starting task 550.
[Worker 2]. Starting task 554.
[Worker 2]. Starting task 558.
[Worker 2]. Starting task 562.
[Worker 2]. Starting task 566.
[Worker 2]. Starting task 570.
[Worker 2]. Starting task 574.
[Worker 2]. Starting task 578.
[Worker 2]. Starting task 582.
[Worker 2]. Starting task 586.
[Worker 2]. Starting task 590.
[Worker 2]. Starting task 594.
[Worker 2]. Starting task 598.
[Worker 2]. Starting task 602.
[Worker 2]. Starting task 606.
[Worker 2]. Starting task 610.
[Worker 2]. Starting task 614.
[Worker 2]. Starting task 618.
[Worker 2]. Starting task 622.
[Worker 2]. Starting task 626.
[Worker 2]. Starting task 630.
[Worker 2]. Starting task 634.
[Worker 2]. Starting task 638.
[Worker 2]. Starting task 642.
[Worker 2]. Starting task 646.
[Worker 2]. Starting task 650.
[Worker 2]. Starting task 654.
[Worker 2]. Starting task 658.
[Worker 2]. Starting task 662.
[Worker 2]. Starting task 666.
[Worker 2]. Starting task 670.
[Worker 2]. Starting task 674.
[Worker 2]. Starting task 678.
[Worker 2]. Starting task 682.
[Worker 2]. Starting task 686.
[Worker 2]. Starting task 690.
[Worker 2]. Starting task 694.
[Worker 2]. Starting task 698.
[Worker 2]. Starting task 702.
[Worker 2]. Starting task 706.
[Worker 2]. Starting task 710.
[Worker 2]. Starting task 714.
[Worker 2]. Starting task 718.
[Worker 2]. Starting task 722.
[Worker 2]. Starting task 726.
[Worker 2]. Starting task 730.
[Worker 2]. Starting task 734.
[Worker 2]. Starting task 738.
[Worker 2]. Starting task 742.
[Worker 2]. Starting task 746.
[Worker 2]. Starting task 750.
[Worker 2]. Starting task 754.
[Worker 2]. Starting task 758.
[Worker 2]. Starting task 762.
[Worker 2]. Starting task 766.
[Worker 2]. Starting task 770.
[Worker 2]. Starting task 774.
[Worker 2]. Starting task 778.
[Worker 2]. Starting task 782.
[Worker 2]. Starting task 786.
[Worker 2]. Starting task 790.
[Worker 2]. Starting task 794.
[Worker 2]. Starting task 798.
[Worker 2]. Starting task 802.
[Worker 2]. Starting task 806.
[Worker 2]. Starting task 810.
[Worker 2]. Starting task 814.
[Worker 2]. Starting task 818.
[Worker 2]. Starting task 822.
[Worker 2]. Starting task 826.
[Worker 2]. Starting task 830.
[Worker 2]. Starting task 834.
[Worker 2]. Starting task 838.
[Worker 2]. Starting task 842.
[Worker 2]. Starting task 846.
[Worker 2]. Starting task 850.
[Worker 2]. Starting task 854.
[Worker 2]. Starting task 858.
[Worker 2]. Starting task 862.
[Worker 2]. Starting task 866.
[Worker 2]. Starting task 870.
[Worker 2]. Starting task 874.
[Worker 2]. Starting task 878.
[Worker 2]. Starting task 882.
[Worker 2]. Starting task 886.
[Worker 2]. Starting task 890.
[Worker 2]. Starting task 894.
[Worker 2]. Starting task 898.
[Worker 2]. Starting task 902.
[Worker 2]. Starting task 906.
[Worker 2]. Starting task 910.
[Worker 2]. Starting task 914.
[Worker 2]. Starting task 918.
[Worker 2]. Starting task 922.
[Worker 2]. Starting task 926.
[Worker 2]. Starting task 930.
[Worker 2]. Starting task 934.
[Worker 2]. Starting task 938.
[Worker 2]. Starting task 942.
[Worker 2]. Starting task 946.
[Worker 2]. Starting task 950.
[Worker 2]. Starting task 954.
[Worker 2]. Starting task 958.
[Worker 2]. Starting task 962.
[Worker 2]. Starting task 966.
[Worker 2]. Starting task 970.
[Worker 2]. Starting task 974.
[Worker 2]. Starting task 978.
[Worker 2]. Starting task 982.
[Worker 2]. Starting task 986.
[Worker 2]. Starting task 990.
[Worker 2]. Starting task 994.
[Worker 2]. Starting task 998.
[Worker 2]. Starting task 1002.
[Worker 2]. Starting task 1006.
[Worker 2]. Starting task 1010.
[Worker 2]. Starting task 1014.
[Worker 2]. Starting task 1018.
[Worker 2]. Starting task 1022.
[Worker 2]. Starting task 1026.
[Worker 2]. Starting task 1030.
[Worker 2]. Starting task 1034.
[Worker 2]. Starting task 1038.
[Worker 2]. Starting task 1042.
[Worker 2]. Starting task 1046.
[Worker 2]. Starting task 1050.
[Worker 2]. Starting task 1054.
[Worker 2]. Starting task 1058.
[Worker 2]. Starting task 1062.
[Worker 2]. Starting task 1066.
[Worker 2]. Starting task 1070.
[Worker 2]. Starting task 1074.
[Worker 2]. Starting task 1078.
[Worker 2]. Starting task 1082.
[Worker 2]. Starting task 1086.
[Worker 2]. Starting task 1090.
[Worker 2]. Starting task 1094.
[Worker 2]. Starting task 1098.
[Worker 2]. Starting task 1102.
[Worker 2]. Starting task 1106.
[Worker 2]. Starting task 1110.
[Worker 2]. Starting task 1114.
[Worker 2]. Starting task 1118.
[Worker 2]. Starting task 1122.
[Worker 2]. Starting task 1126.
[Worker 2]. Starting task 1130.
[Worker 2]. Starting task 1134.
[Worker 2]. Starting task 1138.
[Worker 2]. Starting task 1142.
[Worker 2]. Starting task 1146.
[Worker 2]. Starting task 1150.
[Worker 2]. Starting task 1154.
[Worker 2]. Starting task 1158.
[Worker 2]. Starting task 1162.
[Worker 2]. Starting task 1166.
[Worker 2]. Starting task 1170.
[Worker 2]. Starting task 1174.
[Worker 2]. Starting task 1178.
[Worker 2]. Starting task 1182.
[Worker 2]. Starting task 1186.
[Worker 2]. Starting task 1190.
[Worker 2]. Starting task 1194.
[Worker 2]. Starting task 1198.
Worker 2 complete.
integrated worker 2 complete: Mon Mar 16 12:58:56 CDT 2026
