integrated worker 1 starting: Mon Mar 16 12:45:11 CDT 2026
Factorization worker 1/4
[Worker 1]. Starting task 1.
[Worker 1]. Starting task 5.
[Worker 1]. Starting task 9.
[Worker 1]. Starting task 13.
[Worker 1]. Starting task 17.
[Worker 1]. Starting task 21.
[Worker 1]. Starting task 25.
[Worker 1]. Starting task 29.
[Worker 1]. Starting task 33.
[Worker 1]. Starting task 37.
[Worker 1]. Starting task 41.
[Worker 1]. Starting task 45.
[Worker 1]. Starting task 49.
[Worker 1]. Starting task 53.
[Worker 1]. Starting task 57.
[Worker 1]. Starting task 61.
[Worker 1]. Starting task 65.
[Worker 1]. Starting task 69.
[Worker 1]. Starting task 73.
[Worker 1]. Starting task 77.
[Worker 1]. Starting task 81.
[Worker 1]. Starting task 85.
[Worker 1]. Starting task 89.
[Worker 1]. Starting task 93.
[Worker 1]. Starting task 97.
[Worker 1]. Starting task 101.
[Worker 1]. Starting task 105.
[Worker 1]. Starting task 109.
[Worker 1]. Starting task 113.
[Worker 1]. Starting task 117.
[Worker 1]. Starting task 121.
[Worker 1]. Starting task 125.
[Worker 1]. Starting task 129.
[Worker 1]. Starting task 133.
[Worker 1]. Starting task 137.
[Worker 1]. Starting task 141.
[Worker 1]. Starting task 145.
[Worker 1]. Starting task 149.
[Worker 1]. Starting task 153.
[Worker 1]. Starting task 157.
[Worker 1]. Starting task 161.
[Worker 1]. Starting task 165.
[Worker 1]. Starting task 169.
[Worker 1]. Starting task 173.
[Worker 1]. Starting task 177.
[Worker 1]. Starting task 181.
[Worker 1]. Starting task 185.
[Worker 1]. Starting task 189.
[Worker 1]. Starting task 193.
[Worker 1]. Starting task 197.
[Worker 1]. Starting task 201.
[Worker 1]. Starting task 205.
[Worker 1]. Starting task 209.
[Worker 1]. Starting task 213.
[Worker 1]. Starting task 217.
[Worker 1]. Starting task 221.
[Worker 1]. Starting task 225.
[Worker 1]. Starting task 229.
[Worker 1]. Starting task 233.
[Worker 1]. Starting task 237.
[Worker 1]. Starting task 241.
[Worker 1]. Starting task 245.
[Worker 1]. Starting task 249.
[Worker 1]. Starting task 253.
[Worker 1]. Starting task 257.
[Worker 1]. Starting task 261.
[Worker 1]. Starting task 265.
[Worker 1]. Starting task 269.
[Worker 1]. Starting task 273.
[Worker 1]. Starting task 277.
[Worker 1]. Starting task 281.
[Worker 1]. Starting task 285.
[Worker 1]. Starting task 289.
[Worker 1]. Starting task 293.
[Worker 1]. Starting task 297.
[Worker 1]. Starting task 301.
[Worker 1]. Starting task 305.
[Worker 1]. Starting task 309.
[Worker 1]. Starting task 313.
[Worker 1]. Starting task 317.
[Worker 1]. Starting task 321.
[Worker 1]. Starting task 325.
[Worker 1]. Starting task 329.
[Worker 1]. Starting task 333.
[Worker 1]. Starting task 337.
[Worker 1]. Starting task 341.
[Worker 1]. Starting task 345.
[Worker 1]. Starting task 349.
[Worker 1]. Starting task 353.
[Worker 1]. Starting task 357.
[Worker 1]. Starting task 361.
[Worker 1]. Starting task 365.
[Worker 1]. Starting task 369.
[Worker 1]. Starting task 373.
[Worker 1]. Starting task 377.
[Worker 1]. Starting task 381.
[Worker 1]. Starting task 385.
[Worker 1]. Starting task 389.
[Worker 1]. Starting task 393.
[Worker 1]. Starting task 397.
[Worker 1]. Starting task 401.
[Worker 1]. Starting task 405.
[Worker 1]. Starting task 409.
[Worker 1]. Starting task 413.
[Worker 1]. Starting task 417.
[Worker 1]. Starting task 421.
[Worker 1]. Starting task 425.
[Worker 1]. Starting task 429.
[Worker 1]. Starting task 433.
[Worker 1]. Starting task 437.
[Worker 1]. Starting task 441.
[Worker 1]. Starting task 445.
[Worker 1]. Starting task 449.
[Worker 1]. Starting task 453.
[Worker 1]. Starting task 457.
[Worker 1]. Starting task 461.
[Worker 1]. Starting task 465.
[Worker 1]. Starting task 469.
[Worker 1]. Starting task 473.
[Worker 1]. Starting task 477.
[Worker 1]. Starting task 481.
[Worker 1]. Starting task 485.
[Worker 1]. Starting task 489.
[Worker 1]. Starting task 493.
[Worker 1]. Starting task 497.
[Worker 1]. Starting task 501.
[Worker 1]. Starting task 505.
[Worker 1]. Starting task 509.
[Worker 1]. Starting task 513.
[Worker 1]. Starting task 517.
[Worker 1]. Starting task 521.
[Worker 1]. Starting task 525.
[Worker 1]. Starting task 529.
[Worker 1]. Starting task 533.
[Worker 1]. Starting task 537.
[Worker 1]. Starting task 541.
[Worker 1]. Starting task 545.
[Worker 1]. Starting task 549.
[Worker 1]. Starting task 553.
[Worker 1]. Starting task 557.
[Worker 1]. Starting task 561.
[Worker 1]. Starting task 565.
[Worker 1]. Starting task 569.
[Worker 1]. Starting task 573.
[Worker 1]. Starting task 577.
[Worker 1]. Starting task 581.
[Worker 1]. Starting task 585.
[Worker 1]. Starting task 589.
[Worker 1]. Starting task 593.
[Worker 1]. Starting task 597.
[Worker 1]. Starting task 601.
[Worker 1]. Starting task 605.
[Worker 1]. Starting task 609.
[Worker 1]. Starting task 613.
[Worker 1]. Starting task 617.
[Worker 1]. Starting task 621.
[Worker 1]. Starting task 625.
[Worker 1]. Starting task 629.
[Worker 1]. Starting task 633.
[Worker 1]. Starting task 637.
[Worker 1]. Starting task 641.
[Worker 1]. Starting task 645.
[Worker 1]. Starting task 649.
[Worker 1]. Starting task 653.
[Worker 1]. Starting task 657.
[Worker 1]. Starting task 661.
[Worker 1]. Starting task 665.
[Worker 1]. Starting task 669.
[Worker 1]. Starting task 673.
[Worker 1]. Starting task 677.
[Worker 1]. Starting task 681.
[Worker 1]. Starting task 685.
[Worker 1]. Starting task 689.
[Worker 1]. Starting task 693.
[Worker 1]. Starting task 697.
[Worker 1]. Starting task 701.
[Worker 1]. Starting task 705.
[Worker 1]. Starting task 709.
[Worker 1]. Starting task 713.
[Worker 1]. Starting task 717.
[Worker 1]. Starting task 721.
[Worker 1]. Starting task 725.
[Worker 1]. Starting task 729.
[Worker 1]. Starting task 733.
[Worker 1]. Starting task 737.
[Worker 1]. Starting task 741.
[Worker 1]. Starting task 745.
[Worker 1]. Starting task 749.
[Worker 1]. Starting task 753.
[Worker 1]. Starting task 757.
[Worker 1]. Starting task 761.
[Worker 1]. Starting task 765.
[Worker 1]. Starting task 769.
[Worker 1]. Starting task 773.
[Worker 1]. Starting task 777.
[Worker 1]. Starting task 781.
[Worker 1]. Starting task 785.
[Worker 1]. Starting task 789.
[Worker 1]. Starting task 793.
[Worker 1]. Starting task 797.
[Worker 1]. Starting task 801.
[Worker 1]. Starting task 805.
[Worker 1]. Starting task 809.
[Worker 1]. Starting task 813.
[Worker 1]. Starting task 817.
[Worker 1]. Starting task 821.
[Worker 1]. Starting task 825.
[Worker 1]. Starting task 829.
[Worker 1]. Starting task 833.
[Worker 1]. Starting task 837.
[Worker 1]. Starting task 841.
[Worker 1]. Starting task 845.
[Worker 1]. Starting task 849.
[Worker 1]. Starting task 853.
[Worker 1]. Starting task 857.
[Worker 1]. Starting task 861.
[Worker 1]. Starting task 865.
[Worker 1]. Starting task 869.
[Worker 1]. Starting task 873.
[Worker 1]. Starting task 877.
[Worker 1]. Starting task 881.
[Worker 1]. Starting task 885.
[Worker 1]. Starting task 889.
[Worker 1]. Starting task 893.
[Worker 1]. Starting task 897.
[Worker 1]. Starting task 901.
[Worker 1]. Starting task 905.
[Worker 1]. Starting task 909.
[Worker 1]. Starting task 913.
[Worker 1]. Starting task 917.
[Worker 1]. Starting task 921.
[Worker 1]. Starting task 925.
[Worker 1]. Starting task 929.
[Worker 1]. Starting task 933.
[Worker 1]. Starting task 937.
[Worker 1]. Starting task 941.
[Worker 1]. Starting task 945.
[Worker 1]. Starting task 949.
[Worker 1]. Starting task 953.
[Worker 1]. Starting task 957.
[Worker 1]. Starting task 961.
[Worker 1]. Starting task 965.
[Worker 1]. Starting task 969.
[Worker 1]. Starting task 973.
[Worker 1]. Starting task 977.
[Worker 1]. Starting task 981.
[Worker 1]. Starting task 985.
[Worker 1]. Starting task 989.
[Worker 1]. Starting task 993.
[Worker 1]. Starting task 997.
[Worker 1]. Starting task 1001.
[Worker 1]. Starting task 1005.
[Worker 1]. Starting task 1009.
[Worker 1]. Starting task 1013.
[Worker 1]. Starting task 1017.
[Worker 1]. Starting task 1021.
[Worker 1]. Starting task 1025.
[Worker 1]. Starting task 1029.
[Worker 1]. Starting task 1033.
[Worker 1]. Starting task 1037.
[Worker 1]. Starting task 1041.
[Worker 1]. Starting task 1045.
[Worker 1]. Starting task 1049.
[Worker 1]. Starting task 1053.
[Worker 1]. Starting task 1057.
[Worker 1]. Starting task 1061.
[Worker 1]. Starting task 1065.
[Worker 1]. Starting task 1069.
[Worker 1]. Starting task 1073.
[Worker 1]. Starting task 1077.
[Worker 1]. Starting task 1081.
[Worker 1]. Starting task 1085.
[Worker 1]. Starting task 1089.
[Worker 1]. Starting task 1093.
[Worker 1]. Starting task 1097.
[Worker 1]. Starting task 1101.
[Worker 1]. Starting task 1105.
[Worker 1]. Starting task 1109.
[Worker 1]. Starting task 1113.
[Worker 1]. Starting task 1117.
[Worker 1]. Starting task 1121.
[Worker 1]. Starting task 1125.
[Worker 1]. Starting task 1129.
[Worker 1]. Starting task 1133.
[Worker 1]. Starting task 1137.
[Worker 1]. Starting task 1141.
[Worker 1]. Starting task 1145.
[Worker 1]. Starting task 1149.
[Worker 1]. Starting task 1153.
[Worker 1]. Starting task 1157.
[Worker 1]. Starting task 1161.
[Worker 1]. Starting task 1165.
[Worker 1]. Starting task 1169.
[Worker 1]. Starting task 1173.
[Worker 1]. Starting task 1177.
[Worker 1]. Starting task 1181.
[Worker 1]. Starting task 1185.
[Worker 1]. Starting task 1189.
[Worker 1]. Starting task 1193.
[Worker 1]. Starting task 1197.
Worker 1 complete.
integrated worker 1 complete: Mon Mar 16 12:59:13 CDT 2026
