integrated worker 3 starting: Mon Mar 16 12:45:11 CDT 2026
Factorization worker 3/4
[Worker 3]. Starting task 3.
[Worker 3]. Starting task 7.
[Worker 3]. Starting task 11.
[Worker 3]. Starting task 15.
[Worker 3]. Starting task 19.
[Worker 3]. Starting task 23.
[Worker 3]. Starting task 27.
[Worker 3]. Starting task 31.
[Worker 3]. Starting task 35.
[Worker 3]. Starting task 39.
[Worker 3]. Starting task 43.
[Worker 3]. Starting task 47.
[Worker 3]. Starting task 51.
[Worker 3]. Starting task 55.
[Worker 3]. Starting task 59.
[Worker 3]. Starting task 63.
[Worker 3]. Starting task 67.
[Worker 3]. Starting task 71.
[Worker 3]. Starting task 75.
[Worker 3]. Starting task 79.
[Worker 3]. Starting task 83.
[Worker 3]. Starting task 87.
[Worker 3]. Starting task 91.
[Worker 3]. Starting task 95.
[Worker 3]. Starting task 99.
[Worker 3]. Starting task 103.
[Worker 3]. Starting task 107.
[Worker 3]. Starting task 111.
[Worker 3]. Starting task 115.
[Worker 3]. Starting task 119.
[Worker 3]. Starting task 123.
[Worker 3]. Starting task 127.
[Worker 3]. Starting task 131.
[Worker 3]. Starting task 135.
[Worker 3]. Starting task 139.
[Worker 3]. Starting task 143.
[Worker 3]. Starting task 147.
[Worker 3]. Starting task 151.
[Worker 3]. Starting task 155.
[Worker 3]. Starting task 159.
[Worker 3]. Starting task 163.
[Worker 3]. Starting task 167.
[Worker 3]. Starting task 171.
[Worker 3]. Starting task 175.
[Worker 3]. Starting task 179.
[Worker 3]. Starting task 183.
[Worker 3]. Starting task 187.
[Worker 3]. Starting task 191.
[Worker 3]. Starting task 195.
[Worker 3]. Starting task 199.
[Worker 3]. Starting task 203.
[Worker 3]. Starting task 207.
[Worker 3]. Starting task 211.
[Worker 3]. Starting task 215.
[Worker 3]. Starting task 219.
[Worker 3]. Starting task 223.
[Worker 3]. Starting task 227.
[Worker 3]. Starting task 231.
[Worker 3]. Starting task 235.
[Worker 3]. Starting task 239.
[Worker 3]. Starting task 243.
[Worker 3]. Starting task 247.
[Worker 3]. Starting task 251.
[Worker 3]. Starting task 255.
[Worker 3]. Starting task 259.
[Worker 3]. Starting task 263.
[Worker 3]. Starting task 267.
[Worker 3]. Starting task 271.
[Worker 3]. Starting task 275.
[Worker 3]. Starting task 279.
[Worker 3]. Starting task 283.
[Worker 3]. Starting task 287.
[Worker 3]. Starting task 291.
[Worker 3]. Starting task 295.
[Worker 3]. Starting task 299.
[Worker 3]. Starting task 303.
[Worker 3]. Starting task 307.
[Worker 3]. Starting task 311.
[Worker 3]. Starting task 315.
[Worker 3]. Starting task 319.
[Worker 3]. Starting task 323.
[Worker 3]. Starting task 327.
[Worker 3]. Starting task 331.
[Worker 3]. Starting task 335.
[Worker 3]. Starting task 339.
[Worker 3]. Starting task 343.
[Worker 3]. Starting task 347.
[Worker 3]. Starting task 351.
[Worker 3]. Starting task 355.
[Worker 3]. Starting task 359.
[Worker 3]. Starting task 363.
[Worker 3]. Starting task 367.
[Worker 3]. Starting task 371.
[Worker 3]. Starting task 375.
[Worker 3]. Starting task 379.
[Worker 3]. Starting task 383.
[Worker 3]. Starting task 387.
[Worker 3]. Starting task 391.
[Worker 3]. Starting task 395.
[Worker 3]. Starting task 399.
[Worker 3]. Starting task 403.
[Worker 3]. Starting task 407.
[Worker 3]. Starting task 411.
[Worker 3]. Starting task 415.
[Worker 3]. Starting task 419.
[Worker 3]. Starting task 423.
[Worker 3]. Starting task 427.
[Worker 3]. Starting task 431.
[Worker 3]. Starting task 435.
[Worker 3]. Starting task 439.
[Worker 3]. Starting task 443.
[Worker 3]. Starting task 447.
[Worker 3]. Starting task 451.
[Worker 3]. Starting task 455.
[Worker 3]. Starting task 459.
[Worker 3]. Starting task 463.
[Worker 3]. Starting task 467.
[Worker 3]. Starting task 471.
[Worker 3]. Starting task 475.
[Worker 3]. Starting task 479.
[Worker 3]. Starting task 483.
[Worker 3]. Starting task 487.
[Worker 3]. Starting task 491.
[Worker 3]. Starting task 495.
[Worker 3]. Starting task 499.
[Worker 3]. Starting task 503.
[Worker 3]. Starting task 507.
[Worker 3]. Starting task 511.
[Worker 3]. Starting task 515.
[Worker 3]. Starting task 519.
[Worker 3]. Starting task 523.
[Worker 3]. Starting task 527.
[Worker 3]. Starting task 531.
[Worker 3]. Starting task 535.
[Worker 3]. Starting task 539.
[Worker 3]. Starting task 543.
[Worker 3]. Starting task 547.
[Worker 3]. Starting task 551.
[Worker 3]. Starting task 555.
[Worker 3]. Starting task 559.
[Worker 3]. Starting task 563.
[Worker 3]. Starting task 567.
[Worker 3]. Starting task 571.
[Worker 3]. Starting task 575.
[Worker 3]. Starting task 579.
[Worker 3]. Starting task 583.
[Worker 3]. Starting task 587.
[Worker 3]. Starting task 591.
[Worker 3]. Starting task 595.
[Worker 3]. Starting task 599.
[Worker 3]. Starting task 603.
[Worker 3]. Starting task 607.
[Worker 3]. Starting task 611.
[Worker 3]. Starting task 615.
[Worker 3]. Starting task 619.
[Worker 3]. Starting task 623.
[Worker 3]. Starting task 627.
[Worker 3]. Starting task 631.
[Worker 3]. Starting task 635.
[Worker 3]. Starting task 639.
[Worker 3]. Starting task 643.
[Worker 3]. Starting task 647.
[Worker 3]. Starting task 651.
[Worker 3]. Starting task 655.
[Worker 3]. Starting task 659.
[Worker 3]. Starting task 663.
[Worker 3]. Starting task 667.
[Worker 3]. Starting task 671.
[Worker 3]. Starting task 675.
[Worker 3]. Starting task 679.
[Worker 3]. Starting task 683.
[Worker 3]. Starting task 687.
[Worker 3]. Starting task 691.
[Worker 3]. Starting task 695.
[Worker 3]. Starting task 699.
[Worker 3]. Starting task 703.
[Worker 3]. Starting task 707.
[Worker 3]. Starting task 711.
[Worker 3]. Starting task 715.
[Worker 3]. Starting task 719.
[Worker 3]. Starting task 723.
[Worker 3]. Starting task 727.
[Worker 3]. Starting task 731.
[Worker 3]. Starting task 735.
[Worker 3]. Starting task 739.
[Worker 3]. Starting task 743.
[Worker 3]. Starting task 747.
[Worker 3]. Starting task 751.
[Worker 3]. Starting task 755.
[Worker 3]. Starting task 759.
[Worker 3]. Starting task 763.
[Worker 3]. Starting task 767.
[Worker 3]. Starting task 771.
[Worker 3]. Starting task 775.
[Worker 3]. Starting task 779.
[Worker 3]. Starting task 783.
[Worker 3]. Starting task 787.
[Worker 3]. Starting task 791.
[Worker 3]. Starting task 795.
[Worker 3]. Starting task 799.
[Worker 3]. Starting task 803.
[Worker 3]. Starting task 807.
[Worker 3]. Starting task 811.
[Worker 3]. Starting task 815.
[Worker 3]. Starting task 819.
[Worker 3]. Starting task 823.
[Worker 3]. Starting task 827.
[Worker 3]. Starting task 831.
[Worker 3]. Starting task 835.
[Worker 3]. Starting task 839.
[Worker 3]. Starting task 843.
[Worker 3]. Starting task 847.
[Worker 3]. Starting task 851.
[Worker 3]. Starting task 855.
[Worker 3]. Starting task 859.
[Worker 3]. Starting task 863.
[Worker 3]. Starting task 867.
[Worker 3]. Starting task 871.
[Worker 3]. Starting task 875.
[Worker 3]. Starting task 879.
[Worker 3]. Starting task 883.
[Worker 3]. Starting task 887.
[Worker 3]. Starting task 891.
[Worker 3]. Starting task 895.
[Worker 3]. Starting task 899.
[Worker 3]. Starting task 903.
[Worker 3]. Starting task 907.
[Worker 3]. Starting task 911.
[Worker 3]. Starting task 915.
[Worker 3]. Starting task 919.
[Worker 3]. Starting task 923.
[Worker 3]. Starting task 927.
[Worker 3]. Starting task 931.
[Worker 3]. Starting task 935.
[Worker 3]. Starting task 939.
[Worker 3]. Starting task 943.
[Worker 3]. Starting task 947.
[Worker 3]. Starting task 951.
[Worker 3]. Starting task 955.
[Worker 3]. Starting task 959.
[Worker 3]. Starting task 963.
[Worker 3]. Starting task 967.
[Worker 3]. Starting task 971.
[Worker 3]. Starting task 975.
[Worker 3]. Starting task 979.
[Worker 3]. Starting task 983.
[Worker 3]. Starting task 987.
[Worker 3]. Starting task 991.
[Worker 3]. Starting task 995.
[Worker 3]. Starting task 999.
[Worker 3]. Starting task 1003.
[Worker 3]. Starting task 1007.
[Worker 3]. Starting task 1011.
[Worker 3]. Starting task 1015.
[Worker 3]. Starting task 1019.
[Worker 3]. Starting task 1023.
[Worker 3]. Starting task 1027.
[Worker 3]. Starting task 1031.
[Worker 3]. Starting task 1035.
[Worker 3]. Starting task 1039.
[Worker 3]. Starting task 1043.
[Worker 3]. Starting task 1047.
[Worker 3]. Starting task 1051.
[Worker 3]. Starting task 1055.
[Worker 3]. Starting task 1059.
[Worker 3]. Starting task 1063.
[Worker 3]. Starting task 1067.
[Worker 3]. Starting task 1071.
[Worker 3]. Starting task 1075.
[Worker 3]. Starting task 1079.
[Worker 3]. Starting task 1083.
[Worker 3]. Starting task 1087.
[Worker 3]. Starting task 1091.
[Worker 3]. Starting task 1095.
[Worker 3]. Starting task 1099.
[Worker 3]. Starting task 1103.
[Worker 3]. Starting task 1107.
[Worker 3]. Starting task 1111.
[Worker 3]. Starting task 1115.
[Worker 3]. Starting task 1119.
[Worker 3]. Starting task 1123.
[Worker 3]. Starting task 1127.
[Worker 3]. Starting task 1131.
[Worker 3]. Starting task 1135.
[Worker 3]. Starting task 1139.
[Worker 3]. Starting task 1143.
[Worker 3]. Starting task 1147.
[Worker 3]. Starting task 1151.
[Worker 3]. Starting task 1155.
[Worker 3]. Starting task 1159.
[Worker 3]. Starting task 1163.
[Worker 3]. Starting task 1167.
[Worker 3]. Starting task 1171.
[Worker 3]. Starting task 1175.
[Worker 3]. Starting task 1179.
[Worker 3]. Starting task 1183.
[Worker 3]. Starting task 1187.
[Worker 3]. Starting task 1191.
[Worker 3]. Starting task 1195.
[Worker 3]. Starting task 1199.
Worker 3 complete.
integrated worker 3 complete: Mon Mar 16 12:59:07 CDT 2026
