cat: '/projects/b1042/GoyalLab/egrody/rawData/EGS013/Sequencing/fastq_20251014/Pacute_PL_D1_*_R1_001.fastq.gz': No such file or directory
cat: '/projects/b1042/GoyalLab/egrody/rawData/EGS013/Sequencing/fastq_20251211/EGS013_PL_D1_*_L001_R1_001.fastq.gz': No such file or directory
cat: '/projects/b1042/GoyalLab/egrody/rawData/EGS013/Sequencing/fastq_20251211/EGS013_PL_D1_*_L002_R1_001.fastq.gz': No such file or directory
cat: '/projects/b1042/GoyalLab/egrody/rawData/EGS013/Sequencing/fastq_20251014/Pacute_PL_D1_*_R2_001.fastq.gz': No such file or directory
cat: '/projects/b1042/GoyalLab/egrody/rawData/EGS013/Sequencing/fastq_20251211/EGS013_PL_D1_*_L001_R2_001.fastq.gz': No such file or directory
cat: '/projects/b1042/GoyalLab/egrody/rawData/EGS013/Sequencing/fastq_20251211/EGS013_PL_D1_*_L002_R2_001.fastq.gz': No such file or directory
cat: '/projects/b1042/GoyalLab/egrody/rawData/EGS013/Sequencing/fastq_20251014/Pacute_PL_tat_*_R1_001.fastq.gz': No such file or directory
cat: '/projects/b1042/GoyalLab/egrody/rawData/EGS013/Sequencing/fastq_20251211/EGS013_PL_D4_*_L001_R1_001.fastq.gz': No such file or directory
cat: '/projects/b1042/GoyalLab/egrody/rawData/EGS013/Sequencing/fastq_20251211/EGS013_PL_D4_*_L002_R1_001.fastq.gz': No such file or directory
cat: '/projects/b1042/GoyalLab/egrody/rawData/EGS013/Sequencing/fastq_20251014/Pacute_PL_tat_*_R2_001.fastq.gz': No such file or directory
cat: '/projects/b1042/GoyalLab/egrody/rawData/EGS013/Sequencing/fastq_20251211/EGS013_PL_D4_*_L001_R2_001.fastq.gz': No such file or directory
cat: '/projects/b1042/GoyalLab/egrody/rawData/EGS013/Sequencing/fastq_20251211/EGS013_PL_D4_*_L002_R2_001.fastq.gz': No such file or directory
cat: '/projects/b1042/GoyalLab/egrody/rawData/EGS013/Sequencing/fastq_20251014/Pacute_CI_LTR_*_R1_001.fastq.gz': No such file or directory
cat: '/projects/b1042/GoyalLab/egrody/rawData/EGS013/Sequencing/fastq_20251211/EGS013_CI_LTR_*_L001_R1_001.fastq.gz': No such file or directory
cat: '/projects/b1042/GoyalLab/egrody/rawData/EGS013/Sequencing/fastq_20251211/EGS013_CI_LTR_*_L002_R1_001.fastq.gz': No such file or directory
cat: '/projects/b1042/GoyalLab/egrody/rawData/EGS013/Sequencing/fastq_20251014/Pacute_CI_LTR_*_R2_001.fastq.gz': No such file or directory
cat: '/projects/b1042/GoyalLab/egrody/rawData/EGS013/Sequencing/fastq_20251211/EGS013_CI_LTR_*_L001_R2_001.fastq.gz': No such file or directory
cat: '/projects/b1042/GoyalLab/egrody/rawData/EGS013/Sequencing/fastq_20251211/EGS013_CI_LTR_*_L002_R2_001.fastq.gz': No such file or directory
cat: '/projects/b1042/GoyalLab/egrody/rawData/EGS013/Sequencing/fastq_20251014/Pacute_CI_tat_*_R1_001.fastq.gz': No such file or directory
cat: '/projects/b1042/GoyalLab/egrody/rawData/EGS013/Sequencing/fastq_20251211/EGS013_CI_D4_*_L001_R1_001.fastq.gz': No such file or directory
cat: '/projects/b1042/GoyalLab/egrody/rawData/EGS013/Sequencing/fastq_20251211/EGS013_CI_D4_*_L002_R1_001.fastq.gz': No such file or directory
cat: '/projects/b1042/GoyalLab/egrody/rawData/EGS013/Sequencing/fastq_20251014/Pacute_CI_tat_*_R2_001.fastq.gz': No such file or directory
cat: '/projects/b1042/GoyalLab/egrody/rawData/EGS013/Sequencing/fastq_20251211/EGS013_CI_D4_*_L001_R2_001.fastq.gz': No such file or directory
cat: '/projects/b1042/GoyalLab/egrody/rawData/EGS013/Sequencing/fastq_20251211/EGS013_CI_D4_*_L002_R2_001.fastq.gz': No such file or directory
cat: '/projects/b1042/GoyalLab/egrody/rawData/EGS013/Sequencing/fastq_20251211/EGS013_CI_D1_*_L001_R1_001.fastq.gz': No such file or directory
cat: '/projects/b1042/GoyalLab/egrody/rawData/EGS013/Sequencing/fastq_20251211/EGS013_CI_D1_*_L002_R1_001.fastq.gz': No such file or directory
cat: '/projects/b1042/GoyalLab/egrody/rawData/EGS013/Sequencing/fastq_20251211/EGS013_CI_D1_*_L001_R2_001.fastq.gz': No such file or directory
cat: '/projects/b1042/GoyalLab/egrody/rawData/EGS013/Sequencing/fastq_20251211/EGS013_CI_D1_*_L002_R2_001.fastq.gz': No such file or directory
