[E::idx_find_and_load] Could not retrieve index file for '/projects/b1042/GoyalLab/egrody/extractedData/EGS018/SALVE/STAR//STAR/KLRB1_W2_combined_Aligned.sortedByCoord.out.bam'

        ==========     _____ _    _ ____  _____  ______          _____  
        =====         / ____| |  | |  _ \|  __ \|  ____|   /\   |  __ \ 
          =====      | (___ | |  | | |_) | |__) | |__     /  \  | |  | |
            ====      \___ \| |  | |  _ <|  _  /|  __|   / /\ \ | |  | |
              ====    ____) | |__| | |_) | | \ \| |____ / ____ \| |__| |
        ==========   |_____/ \____/|____/|_|  \_\______/_/    \_\_____/
	  v2.0.3

//========================== featureCounts setting ===========================\\
||                                                                            ||
||             Input files : 1 BAM file                                       ||
||                                                                            ||
||                           KLRB1_W2_combined_tagged.bam                     ||
||                                                                            ||
||             Output file : KLRB1_W2_combined_featureCounts.txt              ||
||                 Summary : KLRB1_W2_combined_featureCounts.txt.summary      ||
||              Paired-end : no                                               ||
||        Count read pairs : no                                               ||
||              Annotation : genes.gtf (GTF)                                  ||
||      Dir for temp files : ./                                               ||
||      Assignment details : <input_file>.featureCounts.bam                   ||
||                      (Note that files are saved to the output directory)   ||
||                                                                            ||
||                                                                            ||
||                 Threads : 8                                                ||
||                   Level : meta-feature level                               ||
||      Multimapping reads : counted                                          ||
||     Multiple alignments : primary alignment only                           ||
|| Multi-overlapping reads : not counted                                      ||
||   Min overlapping bases : 1                                                ||
||                                                                            ||
\\============================================================================//

//================================= Running ==================================\\
||                                                                            ||
|| Load annotation file genes.gtf ...                                         ||
||    Features : 592757                                                       ||
||    Meta-features : 26531                                                   ||
||    Chromosomes/contigs : 277                                               ||
||                                                                            ||
|| Process BAM file KLRB1_W2_combined_tagged.bam...                           ||
||    Single-end reads are included.                                          ||
||    Total alignments : 15867184                                             ||
||    Successfully assigned alignments : 1469632 (9.3%)                       ||
||    Running time : 0.21 minutes                                             ||
||                                                                            ||
|| Write the final count table.                                               ||
|| Write the read assignment summary.                                         ||
||                                                                            ||
|| Summary of counting results can be found in file "KLRB1_W2_combined_featu  ||
|| reCounts.txt.summary"                                                      ||
||                                                                            ||
\\============================================================================//

[bam_sort_core] merging from 4 files and 4 in-memory blocks...
2025-09-17 21:19:11,047 - INFO - Processing: /projects/b1042/GoyalLab/egrody/extractedData/EGS018/SALVE/STAR//bams_UMI/KLRB1_W2_combined_tagged_sorted.bam -> /projects/b1042/GoyalLab/egrody/extractedData/EGS018/SALVE/STAR//bams_final/KLRB1_W2_combined_final.bam
2025-09-17 21:19:11,048 - INFO - Finding UMI representatives...
2025-09-17 21:19:53,935 - INFO - Found 0 UMI representatives
2025-09-17 21:19:53,936 - INFO - Adding XF flags to reads...
2025-09-17 21:25:12,941 - INFO - Processed 15,867,184 reads
2025-09-17 21:25:12,941 - INFO - XF flag distribution:
2025-09-17 21:25:12,941 - INFO -   XF= 0: 3,483,492 ( 22.0%) - Unmapped/low quality/missing tags
2025-09-17 21:25:12,941 - INFO -   XF= 1: 12,383,692 ( 78.0%) - Mapped only
2025-09-17 21:25:12,942 - INFO - Indexing output BAM...
2025-09-17 21:25:33,443 - INFO - Complete!
