
The following have been reloaded with a version change:
  1) R/3.3.2 => R/4.4.0
  2) binutils/2.40-gcc-4.8.5 => binutils/2.40-gcc-10.4.0
  3) bzip2/1.0.8-gcc-4.8.5 => bzip2/1.0.8-gcc-12.3.0
  4) curl/7.54.1 => curl/7.88.1-gcc-12.3.0
  5) expat/2.5.0-gcc-4.8.5 => expat/2.5.0-gcc-12.3.0
  6) gcc/4.8.3 => gcc/12.3.0-gcc-10.4.0
  7) gettext/0.21.1-gcc-4.8.5 => gettext/0.21.1-gcc-12.3.0
  8) icu4c/50.2-gcc-4.8.5 => icu4c/67.1-gcc-12.3.0
  9) inputproto/2.3.2-gcc-4.8.5 => inputproto/2.3.2-gcc-12.3.0
 10) kbproto/1.0.7-gcc-4.8.5 => kbproto/1.0.7-gcc-12.3.0
 11) libbsd/0.11.7-gcc-4.8.5 => libbsd/0.11.7-gcc-12.3.0
 12) libice/1.0.9-gcc-4.8.5 => libice/1.0.9-gcc-12.3.0
 13) libiconv/1.17-gcc-4.8.5 => libiconv/1.17-gcc-12.3.0
 14) libmd/1.0.4-gcc-4.8.5 => libmd/1.0.4-gcc-12.3.0
 15) libpthread-stubs/0.4-gcc-4.8.5 => libpthread-stubs/0.4-gcc-12.3.0
 16) libsm/1.2.3-gcc-4.8.5 => libsm/1.2.3-gcc-12.3.0
 17) libx11/1.8.4-gcc-4.8.5 => libx11/1.8.4-gcc-12.3.0
 18) libxau/1.0.8-gcc-4.8.5 => libxau/1.0.8-gcc-12.3.0
 19) libxcb/1.14-gcc-4.8.5 => libxcb/1.14-gcc-12.3.0
 20) libxdmcp/1.1.4-gcc-4.8.5 => libxdmcp/1.1.4-gcc-12.3.0
 21) libxext/1.3.3-gcc-4.8.5 => libxext/1.3.3-gcc-12.3.0
 22) libxml2/2.10.3-gcc-4.8.5 => libxml2/2.10.3-gcc-12.3.0
 23) libxmu/1.1.4-gcc-4.8.5 => libxmu/1.1.4-gcc-12.3.0
 24) libxrender/0.9.10-gcc-4.8.5 => libxrender/0.9.10-gcc-12.3.0
 25) libxt/1.1.5-gcc-4.8.5 => libxt/1.1.5-gcc-12.3.0
 26) ncurses/5.9-gcc-4.8.5 => ncurses/6.4-gcc-12.3.0
 27) openssl/1.0.2k-gcc-4.8.5 => openssl/1.0.2k-fips-gcc-12.3.0
 28) pigz/2.7-gcc-4.8.5 => pigz/2.7-gcc-12.3.0
 29) python/anaconda => python/3.9.16-gcc-12.3.0
 30) readline/6.3-gcc-4.8.5 => readline/8.2-gcc-12.3.0
 31) renderproto/0.11.1-gcc-4.8.5 => renderproto/0.11.1-gcc-12.3.0
 32) tar/1.34-gcc-4.8.5 => tar/1.34-gcc-12.3.0
 33) util-linux-uuid/2.36.2-gcc-4.8.5 => util-linux-uuid/2.38.1-gcc-12.3.0
 34) xcb-proto/1.15.2-gcc-4.8.5 => xcb-proto/1.15.2-gcc-12.3.0
 35) xextproto/7.3.0-gcc-4.8.5 => xextproto/7.3.0-gcc-12.3.0
 36) xproto/7.0.31-gcc-4.8.5 => xproto/7.0.31-gcc-12.3.0
 37) xtrans/1.4.0-gcc-4.8.5 => xtrans/1.4.0-gcc-12.3.0
 38) xz/5.4.1-gcc-4.8.5 => xz/5.4.1-gcc-12.3.0
 39) zlib/1.2.13-gcc-4.8.5 => zlib/1.2.13-gcc-12.3.0
 40) zstd/1.5.5-gcc-4.8.5 => zstd/1.5.5-gcc-12.3.0


The following have been reloaded with a version change:
  1) gcc/12.3.0-gcc-10.4.0 => gcc/5.1.0


The following have been reloaded with a version change:
  1) openssl/1.0.2k-fips-gcc-12.3.0 => openssl/1.0.2k-gcc-4.8.5

Error in { : task 1 failed - "the condition has length > 1"
Calls: %dopar% -> <Anonymous>
Execution halted
